number,value,datetime_start,datetime_complete,duration,params_bagging_temperature,params_border_count,params_depth,params_iterations,params_l2_leaf_reg,params_learning_rate,params_random_strength,state
0,0.93062,2026-05-25 09:51:06.712031,2026-05-25 09:51:15.453901,0 days 00:00:08.741870,0.536267,170,10,356,5.973739,0.016396,0.157905,COMPLETE
1,0.930444,2026-05-25 09:51:15.453901,2026-05-25 09:51:20.592803,0 days 00:00:05.138902,0.57979,170,10,232,5.746771,0.020988,0.002065,COMPLETE
2,0.932281,2026-05-25 09:51:20.593334,2026-05-25 09:51:22.223644,0 days 00:00:01.630310,0.109331,217,4,283,3.703416,0.094568,1.536094,COMPLETE
3,0.933031,2026-05-25 09:51:22.223644,2026-05-25 09:51:23.932280,0 days 00:00:01.708636,0.712557,148,4,297,1.732016,0.050664,0.019941,COMPLETE
4,0.923557,2026-05-25 09:51:23.932280,2026-05-25 09:51:27.099198,0 days 00:00:03.166918,0.203528,74,9,288,2.560264,0.076372,0.001415,COMPLETE
5,0.932702,2026-05-25 09:51:27.099198,2026-05-25 09:51:28.970670,0 days 00:00:01.871472,0.826399,96,4,327,2.346617,0.039016,0.337449,COMPLETE
6,0.916981,2026-05-25 09:51:28.970670,2026-05-25 09:51:35.594569,0 days 00:00:06.623899,0.106042,126,10,345,1.401949,0.136453,0.192425,COMPLETE
7,0.93008,2026-05-25 09:51:35.594569,2026-05-25 09:51:37.230062,0 days 00:00:01.635493,0.662286,95,4,277,6.44414,0.16072,0.014875,COMPLETE
8,0.931441,2026-05-25 09:51:37.230592,2026-05-25 09:51:39.157503,0 days 00:00:01.926911,0.693007,170,4,325,2.439627,0.017136,1.220538,COMPLETE
9,0.930012,2026-05-25 09:51:39.157503,2026-05-25 09:51:40.415376,0 days 00:00:01.257873,0.691274,37,4,209,4.332392,0.014591,0.539838,COMPLETE
10,0.931662,2026-05-25 09:51:40.415915,2026-05-25 09:51:43.618818,0 days 00:00:03.202903,0.945869,251,6,384,1.006359,0.037409,0.020621,COMPLETE
11,0.931955,2026-05-25 09:51:43.618818,2026-05-25 09:51:45.959167,0 days 00:00:02.340349,0.947246,122,6,323,1.777497,0.042323,0.024353,COMPLETE
12,0.93241,2026-05-25 09:51:45.959167,2026-05-25 09:51:47.880008,0 days 00:00:01.920841,0.342737,84,6,250,1.799427,0.030711,0.077344,COMPLETE
13,0.929826,2026-05-25 09:51:47.880008,2026-05-25 09:51:50.370881,0 days 00:00:02.490873,0.827991,44,5,317,9.240021,0.027815,9.059295,COMPLETE
14,0.924978,2026-05-25 09:51:50.370881,2026-05-25 09:51:55.674222,0 days 00:00:05.303341,0.82095,140,8,387,2.591089,0.066552,0.005662,COMPLETE
15,0.931643,2026-05-25 09:51:55.674222,2026-05-25 09:51:58.580987,0 days 00:00:02.906765,0.420977,102,5,355,1.333464,0.056358,0.05908,COMPLETE
16,0.931365,2026-05-25 09:51:58.580987,2026-05-25 09:52:01.314380,0 days 00:00:02.733393,0.811207,202,7,258,1.95117,0.010754,0.376829,COMPLETE
17,0.931901,2026-05-25 09:52:01.314380,2026-05-25 09:52:03.596813,0 days 00:00:02.282433,0.980132,63,5,311,3.315044,0.049329,8.221962,COMPLETE
18,0.924689,2026-05-25 09:52:03.596813,2026-05-25 09:52:06.813831,0 days 00:00:03.217018,0.770202,113,7,338,1.190732,0.099186,2.150268,COMPLETE
19,0.93285,2026-05-25 09:52:06.813831,2026-05-25 09:52:09.994873,0 days 00:00:03.181042,0.469878,151,5,367,2.109337,0.027142,0.008519,COMPLETE
20,0.932884,2026-05-25 09:52:09.994873,2026-05-25 09:52:12.951639,0 days 00:00:02.956766,0.369533,155,5,372,1.53792,0.024796,0.006021,COMPLETE
21,0.932777,2026-05-25 09:52:12.951639,2026-05-25 09:52:16.387992,0 days 00:00:03.436353,0.345598,153,5,375,1.569515,0.025323,0.004874,COMPLETE
22,0.932445,2026-05-25 09:52:16.387992,2026-05-25 09:52:22.316274,0 days 00:00:05.928282,0.483354,194,6,371,2.086446,0.021153,0.007679,COMPLETE
23,0.932659,2026-05-25 09:52:22.316274,2026-05-25 09:52:26.140218,0 days 00:00:03.823944,0.282492,146,5,394,1.127744,0.030825,0.002799,COMPLETE
24,0.931405,2026-05-25 09:52:26.140218,2026-05-25 09:52:29.020385,0 days 00:00:02.880167,0.425499,189,5,293,1.621949,0.01007,0.031684,COMPLETE
25,0.92915,2026-05-25 09:52:29.020385,2026-05-25 09:52:32.893575,0 days 00:00:03.873190,0.618327,138,7,366,2.930866,0.055412,0.009004,COMPLETE
26,0.932415,2026-05-25 09:52:32.894590,2026-05-25 09:52:36.848796,0 days 00:00:03.954206,0.017594,224,6,399,1.420819,0.021937,0.001028,COMPLETE
27,0.932824,2026-05-25 09:52:36.848796,2026-05-25 09:52:38.965251,0 days 00:00:02.116455,0.466941,160,4,300,2.156562,0.037606,0.040487,COMPLETE
28,0.929236,2026-05-25 09:52:38.965774,2026-05-25 09:52:44.147566,0 days 00:00:05.181792,0.287589,179,8,340,1.643394,0.031818,0.011322,COMPLETE
29,0.932522,2026-05-25 09:52:44.147566,2026-05-25 09:52:47.233116,0 days 00:00:03.085550,0.536081,162,5,356,3.049377,0.015661,0.003218,COMPLETE
30,0.93286,2026-05-25 09:52:47.233116,2026-05-25 09:52:49.724930,0 days 00:00:02.491814,0.575562,128,4,268,1.267455,0.069521,0.004628,COMPLETE
31,0.932467,2026-05-25 09:52:49.724930,2026-05-25 09:52:51.812704,0 days 00:00:02.087774,0.556701,127,4,271,1.2308,0.077852,0.004032,COMPLETE
32,0.932952,2026-05-25 09:52:51.812704,2026-05-25 09:52:53.918754,0 days 00:00:02.106050,0.606328,140,4,245,1.488196,0.062638,0.015929,COMPLETE
33,0.932129,2026-05-25 09:52:53.918754,2026-05-25 09:52:56.443038,0 days 00:00:02.524284,0.606112,112,4,230,1.094308,0.111658,0.00185,COMPLETE
34,0.932633,2026-05-25 09:52:56.443038,2026-05-25 09:52:58.253393,0 days 00:00:01.810355,0.751653,134,4,236,1.412709,0.068225,0.020732,COMPLETE
35,0.933075,2026-05-25 09:52:58.253393,2026-05-25 09:53:00.174175,0 days 00:00:01.920782,0.631942,180,4,264,1.010776,0.04931,0.124676,COMPLETE
36,0.933025,2026-05-25 09:53:00.174175,2026-05-25 09:53:02.030414,0 days 00:00:01.856239,0.889184,178,4,246,1.045337,0.052014,0.124795,COMPLETE
37,0.932794,2026-05-25 09:53:02.030414,2026-05-25 09:53:04.104286,0 days 00:00:02.073872,0.871239,204,4,244,1.033121,0.049536,0.158894,COMPLETE
38,0.932742,2026-05-25 09:53:04.104801,2026-05-25 09:53:05.686079,0 days 00:00:01.581278,0.732808,217,4,201,1.175493,0.092184,0.12248,COMPLETE
39,0.928477,2026-05-25 09:53:05.686079,2026-05-25 09:53:10.277618,0 days 00:00:04.591539,0.650671,178,9,223,5.028011,0.055202,0.051837,COMPLETE
40,0.932744,2026-05-25 09:53:10.277618,2026-05-25 09:53:12.410464,0 days 00:00:02.132846,0.895799,172,4,261,1.000708,0.08444,0.091208,COMPLETE
41,0.932745,2026-05-25 09:53:12.410464,2026-05-25 09:53:14.519054,0 days 00:00:02.108590,0.695075,161,4,284,1.413443,0.045029,0.208522,COMPLETE
42,0.932279,2026-05-25 09:53:14.519054,2026-05-25 09:53:17.488655,0 days 00:00:02.969601,0.532554,186,5,247,1.529978,0.064456,0.038166,COMPLETE
43,0.929945,2026-05-25 09:53:17.488655,2026-05-25 09:53:19.166536,0 days 00:00:01.677881,0.648107,169,4,218,1.806333,0.195073,0.013187,COMPLETE
44,0.932919,2026-05-25 09:53:19.167567,2026-05-25 09:53:21.770802,0 days 00:00:02.603235,0.169541,150,4,302,1.279472,0.041726,0.651182,COMPLETE
45,0.932547,2026-05-25 09:53:21.771828,2026-05-25 09:53:24.457650,0 days 00:00:02.685822,0.124005,142,4,304,1.154521,0.035681,1.410046,COMPLETE
46,0.932792,2026-05-25 09:53:24.457650,2026-05-25 09:53:26.783138,0 days 00:00:02.325488,0.712454,247,4,277,1.297381,0.042382,0.529746,COMPLETE
47,0.932472,2026-05-25 09:53:26.783138,2026-05-25 09:53:29.147162,0 days 00:00:02.364024,0.188995,118,5,292,1.103742,0.047452,0.893017,COMPLETE
48,0.931461,2026-05-25 09:53:29.147162,2026-05-25 09:53:31.061674,0 days 00:00:01.914512,0.780878,179,4,255,9.568158,0.03499,2.843125,COMPLETE
49,0.924154,2026-05-25 09:53:31.061674,2026-05-25 09:53:38.292314,0 days 00:00:07.230640,0.877258,168,10,237,1.768245,0.05949,0.377574,COMPLETE
